-1535.4799140660216
-1543.0075525147242
-1539.585509726568
-1534.5182279852077
-1540.715601579819
-1538.4620916441136
-1540.1122207730323
-1536.1490366911921
-1534.8751816541235
-1531.1530412590153
-1525.8382881380344
-1524.6244652597795
-1524.2579299704494
-1524.376140043977
-1527.2672967108729
-1525.5815979317347
-1522.3221127565762
-1517.4911292000627
-1512.1963212183673
-1504.9533262993866
-1499.7615651086378
-1499.4740789205657
-1500.5228770421045
-1491.1642466568028
-1486.7409828044017
-1487.8154425819737
-1486.9809052529467
-1481.6910218224893
-1478.318542752288
-1470.8761632377725
-1461.3485976096003
-1454.2217634165247
-1454.2394607250112
-1446.0944626524624
-1442.7641011034277
-1438.2995109329497
-1439.353447435016
-1434.679967809792
-1425.9505402012944
-1422.2824174816542
-1419.401853111292
-1415.253466322367
-1410.6798321851309
-1404.5501268601
-1403.7768265371421
-1399.511315803899
-1396.9281669604866
-1394.1980596363446
-1389.7045808674138
-1389.6120470467013
-1385.9363793983484
-1383.749343879227
-1376.9654848490966
-1367.1158455438376
-1368.0282692319647
-1360.9192094268928
-1348.7403605707816
-1344.0482971699605
-1337.8657518651214
-1329.5050766270003
-1328.6277851031796
-1329.0793099154218
-1327.1615481547271
-1324.144526147369
-1315.1975828910238
-1315.7655458437628
-1301.9833519165732
-1295.6011426833754
-1289.0389744079316
-1289.82883227864
-1288.1794272629243
-1284.897195215921
-1283.5172992329692
-1280.2428907675724
-1279.6016924126218
-1276.4140522396692
-1275.890886812249
-1261.1892128681645
-1253.4049345023968
-1249.249038204812
-1242.717767069357
-1237.8816410635666
-1235.2742631148878
-1237.1860563344935
-1234.4981315250145
-1229.4635405482427
-1223.7379881557972
-1216.701923688799
-1214.9409360545342
-1214.0127611301216
-1208.380710920024
-1202.6328608721112
-1197.9604746303787
-1191.890489359821
-1189.4839870787848
-1174.4187955052046
-1179.1167968178615
-1174.7686741090379
-1175.6324833121114
-1168.7763516719742
-1164.7654869552682
-1164.860683371918
-1159.7656633158085
-1155.8458135260923
-1147.6816212555118
-1142.2257732252322
-1141.3423592770832
-1133.5944426597832
-1125.204112142859
-1124.3227344319398
-1125.5137620117455
-1123.3206307686235
-1123.4781933540255
-1116.3170274071317
-1112.7675467554184
-1111.79920994428
-1111.7255831945051
-1102.8805970354665
-1095.1449155544872
-1092.3244039756655
-1093.037141228309
-1091.055998620752
-1085.703061475504
-1084.960534701141
-1093.804080135825
-1094.94733565014
-1091.4090198085553
-1088.1169177098911
-1089.0203032319507
-1084.8223179436445
-1080.537774092544
-1072.3159904315394
-1069.1573791406552
-1056.2674839094802
-1054.5340603607876
-1052.167323690537
-1051.6202553835485
-1043.5062040741668
-1043.9968856865842
-1038.05377765418
-1035.347395366323
-1025.1939617007222
-1025.174742078557
-1015.8859042935327
-1013.2251282434252
-1011.0410210722056
-1009.3421477581828
-1005.9239270000444
-998.4824534648864
-990.2619014104608
-998.8588414503988
-991.4047309771046
-989.5019795559774
-985.5590887977964
-984.2524585825704
-975.951169078649
-970.6766712744295
-964.2243310925849
-960.1934177643509
-952.1122821084319
-948.0215427710655
-945.9140900193519
-941.581761611309
-938.8343169309708
-946.4418167110882
-941.0127646475364
-942.5788600120084
-935.9441186204012
-934.9410013958664
-927.1919970214383
-933.9146036475925
-930.8825357729481
-931.8878285842028
-931.6141308766238
-931.567841598858
-926.166212707204
-925.3570286046498
-917.9502229281585
-915.1525648031279
-911.2650475553147
-908.5477475171609
-899.4212794269274
-896.080569841633
-893.7548774348736
-897.7650817040562
-900.3845406697233
-898.7846394263458
-893.813006017912
-880.9608809733415
-878.1928216717537
-871.7743823520536
-870.738771388345
-868.6172697749564
-861.3542388497098
-852.9937155526943
-843.5133436205738
-841.0415591317807
-835.3043183176388
-840.5782045822106
-830.7619872333122
-829.1070627721555
-823.4159320742656
-820.2416091548995
-807.43678647985
-820.4436900735055
-818.1127793721477
-821.6771943112482
-814.1544819494826
-810.7167494214416
-800.0448567575424
-808.0536929741892
-805.7297458096483
-809.9785634204725
-809.1009822045655
-807.9471787492673
-803.9703109656875
-795.2893800932881
-798.4326409657732
-793.7201982703477
-776.8059680051352
-767.2674267121281
-758.7839556336522
-763.3802216081314
-753.4551962546149
-748.6820462170094
-755.1570968520193
-750.4992608557566
-735.4110201212044
-736.247373741602
-729.6009934758871
-726.547803616411
-714.8141954939632
-714.2769224032731
-711.5646997110579
-700.9994037177038
-696.4623589372776
-708.239818996737
-706.2610604011116
-696.9998066424587
-686.7102390519398
-693.7343320516984
-687.7476289992238
-674.0251341128841
-673.7394908849113
-673.4305823034921
-664.6553245423232
-657.0795424439011
-649.9074995992979
-648.4441838822086
-635.8932281310118
-631.6960004608238
-628.8894546126799
-626.4940860443766
-613.8212721081869
-611.3184974264416
-603.4897282304606
-592.5518360469707
-585.2610829856562
-587.8029818784104
-581.1807230876458
-577.5316753948871
-585.5826549174694
-584.9559526433576
-584.5904255818728
-587.9105991652253
-586.1210535602919
-585.8258941104646
-583.8067796058851
-574.1682318783081
-571.7271487531443
-562.1987622672598
-563.283836577223
-564.8339289325336
-567.420965743942
-561.786437896331
-553.8858212099319
-546.965701062899
-535.6998685871815
-529.4410646804693
-520.5539843310078
-508.70726654653345
-506.8968352749053
-499.3685543365391
-507.27528302815745
-493.21390541844164
-499.81611198366903
-489.4490769004933
-487.88624890679523
-480.17424929706146
-472.2720973214623
-474.71844769693513
-468.6546037380348
-462.52990446316545
-464.5152967261798
-461.4242185127594
-453.4440921319157
-453.12167661229194
-458.44977550447993
-449.9843285023596
-433.05512175539485
-421.0363475533748
-425.8634756635403
-421.6496632133099
-427.91172515747644
-416.1830933273445
-406.2985877840346
-409.3729002930165
-402.2769046851474
-399.42133207576575
-395.1206954269611
-399.52043262606816
-394.62283035370194
-387.80348678642525
-372.5038379516804
-352.4621694286062
-347.0346814218746
-348.5050861551681
-348.20632097757465
-342.4089804361118
-333.9856366363464
-326.32907542589356
-323.67639291031736
-317.2809081638123
-301.9361871874907
-302.5082622136091
-290.5921530626096
-284.26783462677145
-280.9116477914683
-278.72635702372764
-277.3371002157064
-284.1630911700887
-284.4957734097212
-284.88234385031836
-271.13547512826506
-262.7259550598518
-254.98594033555284
-248.25214465370647
-235.34836136290346
-231.27802124488903
-230.31982980728336
-221.4089371606418
-211.191027722188
-218.46329228646186
-218.58922095142688
-210.23725951910308
-229.55605726798322
-229.98129253934144
-230.77018732756963
-227.03358885316587
-232.34202541091977
-243.95870269644467
-245.16158798691794
-241.3354537258095
-241.23316726176995
-236.9702813191607
-230.560129404368
-225.91379348704527
-225.85721612584024
-228.2118266198633
-222.74247681706015
-216.73079476136994
-200.39065760896688
-172.96812928395192
-171.69904397639783
-150.19002021430623
-138.8278245793079
-127.27245041575038
-127.23004646578207
-118.76919871022318
-116.99646872223138
-105.86587585802603
-102.39080083585598
-102.19076163214194
-92.44521106696179
-85.47798556954486
-78.80361006215952
-79.85778603724944
-65.46125876151949
-71.68195105353914
-73.23637572023041
-67.06425597434033
-70.71483918589757
-63.566022115610124
-48.46702542830206
-41.17930482778788
-47.192685325845616
-43.35076342188408
-51.249219136332705
-49.88567394341866
-50.12747131552831
-60.436189554598684
-59.281890248694125
-49.21877150447276
-48.55560783478114
-52.434582983656426
-45.69663180250833
-35.531658625709255
-34.6673695408823
-38.319279226869895
-40.169565141174935
-42.447883867224036
-40.62881156372462
-54.93478036154669
-61.422515154176715
-55.08457565343413
-51.641236964931224
-43.364749249806415
-33.73033322701647
-31.280901545645555
-31.301034939621253
-15.119096858758548
-5.893187336198562
-5.833697697364567
-0.23383401623248004
14.902003419784478
15.476512978608437
5.068935158164601
13.477916975859841
29.09638741405056
48.09468639580155
52.87529675701791
10.646335232012769
-8.671210253152243
-11.365741283442384
-11.015238496672536
-4.384299049183536
-7.0754909499022585
-15.522200868918326
-27.421192043236477
-17.32533798129592
-17.289284040983354
-31.587954060262664
-18.377887644962794
-6.793441888448451
-1.06256801651005
-1.061271953871094
6.614748834302999
31.96372518691765
82.92370587551466
111.33450322816849
129.66389874002377
135.8330578210567
145.0182261217187
154.7377333444491
176.9830694315936
192.5328398906705
185.21385891817704
183.7424985446658
194.10831906220804
200.92493689009945
195.4590952550893
201.03207211127102
205.56764471940204
205.34726326900645
200.41998759907085
188.24402810539925
182.70857328873473
178.1796236082046
181.86765454200906
178.65233540624348
182.0781242104035
173.09232108723975
173.04335238089448
175.08809857589893
187.44400568743492
201.668694459162
200.818850802087
208.14715444289487
199.7193160996829
187.70755327183255
172.49866085934545
171.74713427142552
176.43038864027613
184.18448008293063
181.62473223030983
178.08237232357317
176.35543553704287
173.81780978335755
179.42988659126317
176.4802591906052
172.20061016219185
165.2012874987976
154.60522313119418
152.94579629418712
136.13432905338567
149.40099423503796
154.83244035520582
171.21734597013335
180.83765049882655
170.45691931599762
165.39313195964394
177.6754272686864
176.01852808610386
119.18214020978205
82.88224885853198
57.76959239570047
50.69226316067134
52.60710149624654
66.19924336411091
59.1389726257826
73.3624769709404
75.1930127394799
57.4106370728354
57.32848554429931
50.67776859854143
52.65546559688982
56.032165491189915
66.79709489602637
75.03177063999158
106.33824646657244
156.6152042254696
179.33616530048127
207.35235004822724
224.62772386078407
233.6327787431483
239.93234202795918
258.0885431656663
276.72936593748864
304.5954892740507
326.1519052083501
343.66959870478155
364.22522952970377
357.762611036284
362.2788189829004
360.63650653087416
358.6877896897877
369.7597429943742
393.89676255348155
407.38694978067565
417.3289140358494
417.0678173882344
407.51756689020675
399.051247783475
392.2435744543049
382.1021884875211
365.9469705774845
362.80022135590275
374.4388136005533
377.5139365137097
392.7105415215953
394.02773089897994
399.02224097689526
393.95222450879754
378.1359739304122
369.34829754562713
370.3625888991653
360.165061309272
377.9267120939866
390.7795226479793
408.4053694947546
426.1218115246565
438.5912700861893
458.80499369800697
464.3001139416749
451.9942584583782
449.2854723056126
455.3892946086359
452.01021070714893
442.08704478367787
449.6091602762439
463.19022330711186
463.31360434505746
461.8190018784808
459.53616605916153
452.97934741451644
450.78596776739744
440.26510518005483
420.0606305925968
416.99374721862347
417.9179166764279
420.5849136319041
418.9856680953116
406.0147635948116
409.62436752069675
409.9339991370002
412.63988559086823
423.39234913200295
429.98520958868255
423.8590066298925
405.22346221171347
406.98308094749257
382.98192905456494
379.44867708842554
389.6722342885059
406.81455767014586
417.1228320607242
415.581136668434
412.9697777638575
425.6255329582652
424.35858894879595
414.65134114777806
415.6519236166567
407.9608100460439
398.6565175282498
407.0173856117441
431.4521846636953
444.55672323423596
445.4403327326035
428.83208558762425
395.55807153598903
366.42348119332127
348.01867556006533
332.58146666082735
312.1447627746312
296.3830284507199
282.4771764072781
262.49263584988296
250.16241628867402
252.49658038398334
254.76168185582108
234.9053992341676
220.18826393572996
207.16756312027906
200.52380545153738
204.91128059379932
225.9906053600369
240.2396181370191
233.0988398856673
226.06085815004727
240.80873687718656
253.95046561307882
257.679088008323
282.8597241549514
308.27230816277597
311.3013647039836
275.99018311837705
203.45468492309067
134.8945807356171
65.48437290473329
27.57882053077101
32.54086797880237
40.70488994471637
57.10031260582835
73.1092214727676
98.40997568020403
115.80903173492001
99.3194237665693
92.94817084871136
81.76092219739984
72.66288787613445
56.910823100892515
72.98648655217632
109.81741457969024
177.87119334937861
233.6459455347038
275.07484462134073
282.082811325572
272.92368094306175
258.8637435132642
240.6609857225132
216.8376887213828
184.01275533306688
158.48184532180892
139.73278658243345
131.1863680676233
117.27435690794601
114.99162354612108
110.49629752210105
112.3844926065636
123.40913144504759
132.23661054371635
159.622414934364
189.0023086658981
224.65678054072248
237.45842287478246
239.36209373809066
242.1369734551507
262.5834526864517
283.6795527899609
305.9702917652466
340.7802074568567
362.2538675866482
375.28371072832647
387.41101559742333
389.59060625525603
375.6959393912708
357.4239588112004
357.1772612247065
351.0616751560379
355.73595835494
355.627745033148
357.9910598350982
377.3560202606989
393.4027321162705
405.3572692222899
413.4202291197314
410.11776677147236
409.2669836676994
422.99355350093737
432.63729555298033
440.21041083496755
459.0498957098069
490.17035289424444
520.5537526072028
529.978028158336
537.8171804049449
542.3849890234318
546.73496508799
559.6524180263411
557.024057054473
544.6895050271833
536.9571175140171
541.346943395921
554.0310440009814
542.5179989644844
521.8154685416603
523.63159232276
536.618480025259
540.4710838383971
538.375407717308
539.6018501481252
536.5432121237548
531.8087808130454
534.0532164840316
534.4288689103653
534.1763940851796
538.6116198791672
552.9577714027863
558.8171545728599
540.1470467291651
521.960360076347
514.5887265093301
517.2036732905616
523.4440984181588
518.0635732833605
512.8693048656692
499.7336800005716
489.8574847585595
492.8383105797677
487.3388954822541
467.4913578046764
445.2302339123187
420.4559690180387
403.59213173292613
394.51533556321056
406.4118238270822
421.8701444074476
426.63173399534105
434.8419917493086
418.9964908681112
398.13060519601567
386.33416011882446
383.08664253579263
395.8695687548718
401.9405576783472
409.5678937705951
412.8535641105859
430.15469450274776
450.4388554468899
463.81400061083696
473.48852059480816
467.46942576907367
465.7973003095804
467.73622459397336
479.3640551137199
495.06587758052285
510.03943076133424
519.8863826455607
513.0730527263188
501.5882155877846
489.1088302287247
477.75132543424576
465.10171830581845
430.1236097338183
405.9891432844389
399.043625894554
400.63075229338654
390.43459088441114
384.71780508374536
372.25111033129394
365.47603996757033
352.16644145951113
342.0192421796291
334.84491711567387
336.3023334271577
343.15049417030633
348.36974285394274
343.304970049976
345.96696660429086
353.562196121596
384.95378712541094
404.12738566865227
404.5298324612047
408.1213444579142
405.2476996740016
404.1711833337832
396.78432072521866
410.72607380579825
418.0899846392218
427.58867848786656
424.7950520230716
425.3294382427268
427.008928011133
433.07468588483226
433.86534759496834
430.1689806687667
421.0008693525347
417.4263150869601
409.450382840426
406.91491014068174
402.9947556427971
408.77905931705493
419.9648449280625
428.2259577086913
418.9731013543014
413.817914753197
407.6512981794471
407.9839455980948
402.21587672016574
384.426378781491
377.87909003933515
368.5643214756308
364.92574284834603
368.46296861483347
362.72811192386587
360.49839838672847
356.98778698266403
363.20927305945764
361.76823867583715
362.21978302133937
367.50051451714927
369.49617310724284
387.1381496503511
390.5370861654952
389.05595460634106
398.2132778883375
413.44300404687584
413.938464718634
427.1731222731136
438.17135249224657
439.42152132413736
445.492449646397
452.27729745823586
468.41351836777017
479.6382094373116
478.8989876105796
480.5480230743436
475.48535385580027
472.67153332087287
470.628676400995
477.0540580514643
480.5654362643796
486.15482428431983
485.89602702097676
474.92646872262856
462.8896536649957
448.3619258448622
443.7251385419385
424.733616873276
406.3533075372418
387.06338027194346
372.72224018772226
371.6494242356938
374.0032308512314
374.14885830797544
384.1252696901228
385.46436779251025
386.98899774026336
397.81758078379323
410.73598237139026
429.3140655937597
457.0656820492284
475.896327601152
494.82713818254837
505.1172691369283
523.0804967677838
544.3170994754278
568.4837126754676
577.745932791281
579.3049465283417
583.1670109508112
575.522007394246
561.3976772519161
543.2619248446763
528.6913277835503
520.0018725808479
507.5747699290966
468.8235882004592
434.1266811775855
403.31221390215984
385.108628808408
376.2214346275359
374.2943930154538
362.3705212630146
359.3032476915578
359.5393251669684
354.4062047120103
359.8778379513124
369.66863159901294
381.5166331065338
387.5645389194983
378.53833630499923
370.56907871814286
365.56139936541024
378.4297566522587
396.5293345373127
407.8064368858811
420.4953533816082
425.8468823581801
433.16902258452274
434.432142877983
428.7421668685731
427.85520508802625
419.6310807187723
414.8558552189695
416.22641884638966
418.91532942709824
429.65225121542056
442.2696117534666
466.20107645294365
491.73200667698745
493.5806784108328
492.68505533703734
489.2196828849018
491.7007307447057
481.00613778082806
463.5059288508982
462.91964083445265
463.7779265416937
472.1958511331174
478.69225293174054
466.71788388966985
451.50790003985304
443.8491553562159
434.1354386324053
416.93350302706546
395.34688570382104
371.4537993631803
366.0339934150768
378.16856964911574
387.62244887985804
396.118306304134
415.11366362949144
426.9945646627179
417.8796004970259
407.6535187904356
401.70327867436276
418.13921826546976
423.20845203233415
426.0772586659848
433.1187164087707
433.8431519737622
425.9342133059538
415.59280862646284
413.9754677511557
409.3919607102739
397.1465861822962
403.9261834781995
405.0793327613829
401.2415636130882
398.5053884604149
410.73078709850023
413.5238297751049
422.16247173182074
422.8903609755864
413.07256862719987
405.4375468027097
403.4271051226112
402.58848627615356
418.7497189510961
438.0878283678958
455.42399795102784
465.26981042218586
476.35464636623374
478.51106960392406
470.1287091610743
469.7243196224609
472.7612970764699
458.0712942144013
446.35214382917127
434.2340838337088
432.0157647225375
442.40984851343507
455.939805322338
468.5528671448633
482.7741330754783
482.08821394201
478.87510234814386
475.2908709025165
471.71218613541913
447.31745428994356
419.58907007138805
411.4343722601812
397.4871391324879
390.9205624354015
399.5460180036341
412.4687648969032
423.7015780208435
425.0174746793089
423.1054590871635
420.5201825633727
417.7670222433121
415.4690226742956
420.25568440067843
432.5466735077561
440.69263277392366
453.25624531272086
455.7512396619419
463.25088529082814
471.97329636401156
483.61016662657084
489.53558901635023
491.6272464485662
500.9017430914924
502.01919046450496
505.09704546801566
499.3015842393602
500.2511900833548
496.6055635883191
490.40673604688004
485.281648351242
476.21587735565123
471.29540374777747
469.66482466249334
474.4969168486547
481.56836392707703
488.1929285771018
485.7753958011589
493.8547205143686
494.72511071713086
488.3859961935808
473.14095077607453
460.92832405532715
458.4054321305859
447.09469464612675
437.31336989009156
439.72452888749086
435.8485408722539
431.82143152131613
432.5768355295631
432.4856948652587
419.0899810149713
407.55756259583467
396.8626741636249
382.3797523877204
368.2132144037734
351.58217825295833
352.84010785047394
359.9870050524071
361.7075667574773
371.06413940743784
372.09409346858973
375.1932487590919
375.41666454162254
375.58468256443734
372.95252014387245
374.299167425088
383.7906153778058
385.67240438119086
383.42252410063526
384.30226785253524
387.70520063673126
391.6241322288654
393.44993131329466
401.83940851890503
409.7317742219215
423.72588360364955
435.04822105924524
439.27557104653164
435.360921194567
428.35870051991066
423.2984256058901
422.60483345236884
415.84125294247855
408.5968534746203
423.0488513706865
435.9636280222519
442.0247002792803
439.21041276884745
444.2756270085879
440.75480146131235
427.1082659819627
416.81824857180885
408.8617197692246
397.2642530567698
401.6287243575156
413.0672421863627
422.61501749877993
421.94636107928966
410.22092320772504
404.23554748595336
409.67160446664144
405.83393911731997
405.17047011699754
402.49458908562207
404.1870609997227
401.94455123225174
415.516007396648
430.344125325114
434.44688384019986
438.12184878193244
438.87349121356283
447.52710624971274
457.16043899660406
465.8796719427496
476.11127936370065
491.17593063869384
505.0899299983659
504.0870772885227
521.3840361564812
532.6644567104566
532.1271949624524
518.9283152337791
514.8221094524838
492.96598076412886
496.6612000245847
508.0926413858678
515.9716576849769
531.7806939604122
536.7953222335905
523.4449099397925
517.3823344664884
521.9673597639757
523.885713281751
528.7403314424076
537.8816126352767
533.7508803054508
533.9727331616189
549.3910225402954
566.6632217348325
568.6746642347946
563.3364622147028
543.3998897616403
522.3357717147125
509.5445816990848
494.2243020498165
489.2158345559439
503.3475560660261
517.3003971091441
526.2317404097687
522.8650960626779
517.4841965833419
502.7662134569366
492.12727285318937
491.6150805317816
496.23064952875177
503.1944402625489
518.9919267380527
526.8193790742795
535.5524542730259
540.7863487640834
535.83608723476
531.5964276694938
525.8583210520744
509.3194331569906
509.2405579306399
505.6383493471266
507.66261980941204
507.85353069459705
516.4624410389039
519.1189989512525
511.1622593247696
509.2370645732146
499.85048202770975
498.04337726749895
508.25734225503135
504.850332251771
507.3296472666931
502.06454724768724
491.6104285075219
482.5160483861665
470.7880779516935
459.5506563989093
449.45144572427785
444.9970717388524
436.23692895160065
427.09417858233826
429.504976699431
432.36466105028785
436.85589109142495
434.7162654810065
429.07060618928693
415.5628440715656
410.1852890462136
412.9156843152193
423.0887050810408
433.9656075027508
456.79159640077853
469.77350727929627
480.7599422055256
494.36195862643893
506.67033086391086
518.1898240548072
520.1417674538261
526.5514174149466
529.2910456934751
531.3314301218518
535.1813564880598
536.921276970407
538.9789920920646
541.8890002648462
536.3245415959952
534.2012774159911
527.4431763595389
516.8701367746025
514.5764061167768
504.8549678158655
489.02599110859546
469.41317829809714
455.2152496769142
442.85160741913654
432.4274454852407
416.6786259350904
408.4935239585153
402.2387513339571
400.81372256969263
403.02967316805325
405.9276479813297
405.42274011945125
398.79564200027164
401.29325015345216
407.50754258508505
404.0989903818687
406.7224715294773
421.36923237306905
431.750916711081
443.91378243835214
461.6146915069206
470.17362617729833
473.0159840089243
476.2916678729561
477.5145529438983
474.15048656258165
474.7729393008462
468.86468006239977
477.623581220326
477.6539913636584
475.4377501774026
479.7147555566041
476.15748494098005
467.9704625570071
458.9038056502815
448.10173464414567
433.295190663414
419.53087445965616
415.84117771284383
418.11507489087614
416.6994515747246
408.64323909176454
405.9000152164259
397.6999471670074
388.77929973094547
383.5651883630309
377.3574405656878
371.91197270401995
368.2322433428741
360.97889218828936
369.7863394866142
375.5477603973313
391.27819354677126
398.64162306585456
400.2608850446445
402.78628144314587
397.2475888520843
404.6572762533739
418.6504315395703
433.01964641869773
442.70711371255913
457.19802989001664
469.0381030171828
466.2188596570257
458.4852412213981
445.45051631720025
431.8282134016109
415.28082349461215
399.26089247339536
391.91038970040916
391.870501820453
387.85775227091216
387.04379825679297
385.8209401840615
379.13506025043154
361.05359950128053
359.8008767722056
359.6351242151538
365.4241676731697
372.26353486221757
385.3122344000892
404.1298079912966
415.402413730987
421.2724945678203
434.2480333189611
450.2911119016649
450.8638618559899
460.9780869497458
467.58211446054554
473.9966393388511
485.5015788256505
505.85856237455243
519.9972703671826
526.4193197974795
536.7620110807172
539.4438781493368
538.707689241907
540.2289775529748
545.4036004246059
562.2050358129035
579.4136892527005
579.5900429194043
572.8364578995487
566.8784503525716
565.1039164858595
566.9073975689824
544.472196920814
541.8726123078251
536.6388771318781
540.4005496231129
541.2081306953297
530.1584098722354
510.8907532804886
497.0158892466371
486.3306131379928
473.3646306081219
457.7314955813365
442.8571494170658
439.56166212701226
441.765150568005
448.4091652501447
443.5531925036302
448.6797625181842
451.34878590834705
446.98386720742536
438.7442563360375
427.5607080535223
423.14127953565395
423.9612045732911
434.48607389794563
442.78179212032694
447.15760210083687
449.2427426094093
458.40494786082206
474.09405669127426
493.00325765295884
502.7320062123515
506.97997550474093
516.325176666342
521.7704842026762
526.2930817816485
531.4540219323003
531.0920697966585
537.0587678368986
541.0477792259329
538.4923781622115
539.6971678215212
546.0263325183847
557.973664245331
559.0364941810906
558.6348898294854
557.6135103286329
560.7124268648525
552.4830604103402
560.2181318688771
558.0852455454431
556.4766316847259
552.5802954681177
553.5108438409432
562.6363892738514
564.9683996317149
571.3936275275263
584.679739066191
581.7921293811306
573.5008083750478
567.6406942590174
562.8717682679049
558.0766579315543
553.0028808177511
550.0094138747704
552.6394225077112
548.1112193591409
553.8614247554965
559.5213073682876
574.5809270642475
582.3211781224373
575.2288048074068
572.7542082773872
562.5877012132743
556.2838946782041
550.2318628256112
549.887935420727
552.8224722196471
558.4969182979206
561.5919948398611
570.4325722655135
570.1064460329119
563.6238474007188
557.8687780565468
549.3846339935736
543.200581847159
526.1956660135928
519.0063532007907
517.1067923150961
517.9120026023115
529.9509820026618
535.6081928130208
539.7975912008329
539.9062309530983
541.898452478263
542.9104148399933
537.105296792257
530.3288033158532
534.4358199917791
534.2691501384426
528.130951258159
532.2057945512847
526.2258523604439
524.4953069850108
513.5843568931039
512.048384154205
508.78013154397456
499.50867546006
498.38193350985966
500.47112665939784
505.1193962431981
502.028767254316
498.97612505063074
502.1685665381745
496.5687521963645
500.78091097525146
492.58242717365704
490.56391592517946
487.93421976081396
483.9685544978524
490.0907894668719
496.71900970162875
498.3476283410975
495.316665953099
493.0288260069972
496.07266747399837
496.14868606541745
500.7546436230248
499.547357147772
501.74718207122265
498.9108952209785
499.6834071497322
501.2172812037509
515.2242410037297
518.9408253434146
529.2299298752476
529.9897757326779
534.3927998580567
534.3545610429188
530.8909678978046
537.2771297490611
536.9354493965087
535.6011284725655
528.2031625432779
531.3372541074784
535.0598197700078
538.3859329332131
540.3889209551462
542.060132463016
543.723380113025
547.3631553864755
550.9696308803135
547.6862005224169
550.4050722967166
544.0574625689417
543.2355759634187
540.6633430939672
540.1138238872961
539.8221633826292
532.8567815341869
522.0210501550057
506.32294750113033
487.4081079164711
482.5975694129389
474.64171330045065
471.59344746855515
465.10973421687004
454.1612510683683
457.98036965335297
467.8888247276536
465.72238313873936
471.6686395183286
481.0280994928138
481.0677555276245
477.50826078403725
484.508345018783
493.3678327497291
502.33112158412746
511.07130009115957
524.7801331724281
533.5471236689028
540.8907777323084
542.1566932282477
545.8486439489836
553.846197589164
544.2654863064269
547.2779922799604
559.5147406701346
550.3070874311047
548.8049714413446
543.8215185128254
540.9101718757365
525.7166729071749
516.9564958850283
509.1736517903162
501.7749232521293
492.6262657395428
483.9810246884262
471.0571961863686
461.93495948645506
450.7842337322312
444.4904101189244
443.61903782208975
435.01292453891574
427.0639893095299
430.73120892297
415.01523138586805
406.573816459071
402.94802320792144
416.24583546627184
417.844649241746
429.29380970679233
426.5954258867948
421.64291200103816
418.7363048040793
415.54212473270263
399.9156118741926
385.94951466101304
374.4244131754356
362.6842769566381
342.83266792452696
333.07738079647146
336.48004257647125
342.9396142202153
353.38895195860636
365.36081784256567
376.64654840571086
372.809128257415
359.8478905279538
366.040013388648
362.745838832844
370.3165423011921
375.95200799699086
403.83697358332836
416.46410204953327
428.650820973687
448.599808593806
468.0892304639201
480.34751849139934
480.2312657468875
482.3472466476046
480.05932132161587
473.70201082420454
471.9037068787236
469.55535162852607
481.0933404124644
486.93148360709506
500.0515817292303
503.64627870117596
508.8957446332412
506.1942608294506
514.2028311464633
516.7426550407172
513.2515773637152
511.8328771404911
515.8197965714835
526.6173014906012
536.482541003117
535.9470021190391
538.1610665455441
530.992877716439
528.177181129064
517.1520792875406
516.6088776642326
519.0663259480048
527.2595638756881
523.1447895486821
527.4451568488164
521.1768456092258
523.5440742353488
519.011338654308
510.8104068779119
502.800809499663
496.3814599730044
492.31652801557385
491.52812568602394
486.81944342281895
488.48546671191684
487.51024635655614
486.04254194674087
473.82241286121854
463.3812095110418
452.6783938551842
447.94826075769373
440.4432993761839
426.09958359825424
426.56042945852823
430.98379817455674
430.577284846329
428.6903743384782
427.6074777096377
426.09156048220956
429.5059578059442
432.805771742886
440.3344588800676
444.1934091478937
452.94848507227647
454.49025768827573
452.09892707800793
446.9449366180354
444.89269734323955
445.25748145222707
444.459977619367
441.650933453756
438.9759845253647
446.40563085033637
445.9412837556658
432.621793947512
417.24032654325424
397.08342479239434
380.37336852840866
373.53378180349614
368.6252605097103
370.16864721672954
365.9774097767853
361.31621211911494
353.8667671203525
345.85709963094456
349.5498469714743
347.13050948530747
346.6438469017189
341.4665686457512
340.66539574310013
334.5832101751192
340.7668542197337
350.49888763013223
356.7551507407345
364.4234055263465
350.1591204690001
349.01292665314446
343.0857761912853
339.3017677200411
338.0675917515708
343.62035794363715
349.88330226810086
360.12574084759444
365.6700971170319
358.8195166078899
358.0147316166485
357.29191880576946
365.33972650973425
364.92152643347276
366.95599517388337
365.8454478256365
364.94796137500316
377.84566973149043
381.86015037546167
384.13330226476796
387.67031250756713
391.5820263493226
397.1483164781867
396.62867930242413
391.4223978223257
405.7449194195589
414.3738609796999
420.49863336898096
421.69127629041753
425.07313514925426
428.4047442144418
435.0879807819958
445.2694406607191
461.92340490660274
467.6862248686797
480.2726194904971
491.24119646821333
510.0771453411928
518.0940224656326
525.4956744018942
527.4116449025903
523.9351288576215
515.1369817885849
514.1528365991173
511.0670437280685
516.8003307277114
523.145690551476
521.9132552902694
510.998767246789
503.6830270344558
499.1589097475392
495.6149806181082
482.6645284920022
466.4621594939898
445.8003444939713
423.59005177968373
407.5450845718404
399.5944936796303
399.17150255757565
393.3087388863068
393.14397830117434
394.6498387544424
393.8562872913218
390.94100998437153
401.2529384081631
402.0332275434468
410.5066764642694
406.1654299941024
402.27357973352724
409.7211854438834
425.9698854748484
437.1087648823675
445.2893149185749
455.50145012730434
461.1212122843875
465.7339852662416
470.5779402030709
471.73180803385515
469.38468374289465
470.16892610201864
470.25657030156356
476.44922387933804
479.92869955344
480.33501115827966
484.8803665922247
478.389645173328
474.52301872694125
461.98208323568934
456.79488663661016
449.89356782868975
444.28516321884797
441.8623410010314
435.1739419678536
434.4366461595992
432.7493975574201
414.94942025972523
417.56244060007566
412.554605768052
407.77637837342104
394.6196768865056
384.5286332269437
383.56802456800506
393.6645709912967
403.2759915650247
411.8592016091774
413.29362721219167
419.9124945969995
433.8899793313344
444.9149006373406
441.0644004900052
440.702306923147
445.28895478878593
450.953367311
437.04357182905034
435.23454330312006
443.56369575771697
457.77953040141307
465.31865044276987
470.7996805321174
471.5322468854988
473.2379262306214
479.1240626051143
480.75041446574824
479.09838985951995
467.00738992974226
465.9654715283475
468.7349640113641
467.34984622581464
467.1474986878732
473.9057937480743
475.2430796569294
475.73375653124606
470.31158042409913
466.926667063987
463.53342431889325
453.87501557991135
447.95462702623576
447.0325996221384
447.25960958332894
449.1500545175255
446.1582284617613
443.4316852370056
441.14342530208376
440.93339756616314
442.9306731250748
438.2360601105644
436.13414324474337
441.16649822272825
445.3272209865037
447.22653184069964
446.6664596708084
439.9777998133462
439.33194954319583
444.83158475528114
438.58971796187325
432.46808551726315
433.14605362433974
433.2614029459226
442.388175300973
451.6323388245184
452.85934290933847
463.1362189800288
472.7527797249252
471.81549297829173
466.4156364368435
462.1651398064602
456.58987070925946
448.9408906702311
452.6152956531552
450.17730421267544
450.2930080197849
455.87568626153626
472.84930626934175
485.84776135221915
498.4322657047036
501.6772981499556
505.4383882668179
506.14789245324823
512.405853689561
511.9436194509455
501.2972892078859
505.48357209993344
509.0085060403516
515.1285708768924
518.2318231615949
516.1989045343212
510.5858856731276
500.16783556581424
484.56779549812694
471.3613732789469
454.38096612444286
443.75080376308836
429.44771937512667
418.9563424720438
416.06042537622454
414.7463002143949
427.36415239780473
436.867245349641
447.1672522676536
461.7635022838405
471.1760122956401
483.7943432811023
499.70241840180245
516.989961798073
531.4650905751632
546.3120179755456
553.7033949522925
560.2436875238456
565.0997978454778
572.8376289613014
570.8475254251297
560.5149035434275
545.9711084932201
535.03404608002
531.6602903829553
520.9079523036617
519.8008262338583
512.4092172262635
507.61863758057183
494.5715559815307
491.2591785847859
484.77031202721025
478.4502545998391
484.4534411257783
485.1842692130959
496.13339970256476
505.16147336736424
517.5444552578073
530.1029711671785
534.765881430733
541.147902379687
546.2991500007715
555.5075434231961
554.3900655314548
553.1527136788052
559.6433856094504
564.628149628376
566.5523915193006
568.9912932717039
569.5753940988047
564.0088004435366
558.2317896972027
557.9232722455364
548.0066907310692
543.0806165924978
541.7559238807698
552.2305127391961
554.0788530891895
542.4630087392809
524.1721849386306
518.3054598069493
506.48409375171724
500.1624113732681
494.588114046601
493.8743355310316
489.3302063373124
491.69530313897155
492.21745545759654
483.00270784859805
478.7174336175513
477.5594417381771
475.3473189579617
472.2710878770489
470.1516639079517
471.5124488426183
485.1944242196942
497.9854393728307
499.2879138232572
503.1172499026145
503.06644282506045
506.5230324742729
511.33100339712234
513.1172180225043
510.4714636670696
512.198640173053
519.7238219499495
516.1963918800199
514.5676637373073
512.2301607352134
507.58286407145584
500.94566441773793
497.27097460399426
488.91658143644605
492.5318995977595
503.26938974012364
507.52193666690596
511.69648333642175
502.62947830365835
493.5234152063503
480.97325488638666
475.54822518445013
470.1448871050051
471.99341802794436
471.6138045517084
460.27123916087226
465.8654958146305
455.1157093811476
447.62992063872093
447.43566238766687
444.7367357954258
443.85203894732695
437.5294080243704
440.06888935922524
438.38892960667005
446.1547249386739
461.1796767753408
476.100768260254
483.43544011645014
486.29622667443914
486.40252243844594
492.26640634521823
496.2946081915629
486.5609470367457
488.46770991985204
485.71000677203716
484.4031546258538
477.82714058135315
471.59448464980443
464.21769040997077
457.0673506962879
455.1722839559051
447.4283702691659
436.28583893592366
423.8122260416778
416.5118594290105
409.1817636730095
409.3664165324059
409.8601761197892
414.9141332031967
416.2810738886616
420.0755659419351
425.3412559778049
430.85878305387456
428.9112133171868
424.58499138048273
414.93560676827605
408.94097566164163
400.64294433331605
398.1340834575871
395.75195440148985
396.42781143998576
400.00563424280705
397.9278914963047
403.0614828671067
410.41793376553863
415.83753790383787
416.47890664155767
422.08512129712494
425.99318682226163
428.8183153941833
440.12429911613236
453.20498558819713
469.2734351295479
475.8719867054144
487.41413733074484
489.1536110176353
499.8740185782419
502.21457834191386
502.5328034031359
503.2092220960559
501.95009462155133
504.5072490730257
508.35417701516593
513.9181724241594
518.4305176034546
522.8817587625008
523.3917943027153
523.345166941839
522.0637346441473
523.8835574819276
